<?xml version="1.0" encoding="UTF-8"?>
<testsuite xmlns:xsi="http://www.w3.org/2001/XMLSchema-instance" xsi:noNamespaceSchemaLocation="https://maven.apache.org/surefire/maven-surefire-plugin/xsd/surefire-test-report-3.0.xsd" version="3.0" name="exercicioPetStore.PetMachineTest" time="0.09" tests="7" errors="0" skipped="0" failures="0">
  <properties>
    <property name="java.specification.version" value="21"/>
    <property name="sun.cpu.isalist" value="amd64"/>
    <property name="sun.jnu.encoding" value="Cp1252"/>
    <property name="java.class.path" value="C:\Users\geans\Coding\Java\dio-java-basico\basic-java\target\test-classes;C:\Users\geans\Coding\Java\dio-java-basico\basic-java\target\classes;C:\Users\geans\.m2\repository\org\junit\jupiter\junit-jupiter-api\5.10.0\junit-jupiter-api-5.10.0.jar;C:\Users\geans\.m2\repository\org\opentest4j\opentest4j\1.3.0\opentest4j-1.3.0.jar;C:\Users\geans\.m2\repository\org\junit\platform\junit-platform-commons\1.10.0\junit-platform-commons-1.10.0.jar;C:\Users\geans\.m2\repository\org\apiguardian\apiguardian-api\1.1.2\apiguardian-api-1.1.2.jar;C:\Users\geans\.m2\repository\org\junit\jupiter\junit-jupiter-engine\5.10.0\junit-jupiter-engine-5.10.0.jar;C:\Users\geans\.m2\repository\org\junit\platform\junit-platform-engine\1.10.0\junit-platform-engine-1.10.0.jar;"/>
    <property name="java.vm.vendor" value="Oracle Corporation"/>
    <property name="sun.arch.data.model" value="64"/>
    <property name="user.variant" value=""/>
    <property name="java.vendor.url" value="https://java.oracle.com/"/>
    <property name="user.timezone" value="America/Sao_Paulo"/>
    <property name="os.name" value="Windows 11"/>
    <property name="java.vm.specification.version" value="21"/>
    <property name="sun.java.launcher" value="SUN_STANDARD"/>
    <property name="user.country" value="BR"/>
    <property name="sun.boot.library.path" value="C:\Program Files\Java\jdk-21\bin"/>
    <property name="sun.java.command" value="C:\Users\geans\AppData\Local\Temp\surefire5475833339662518284\surefirebooter-20250401113525247_3.jar C:\Users\geans\AppData\Local\Temp\surefire5475833339662518284 2025-04-01T11-35-25_110-jvmRun1 surefire-20250401113525247_1tmp surefire_0-20250401113525247_2tmp"/>
    <property name="jdk.debug" value="release"/>
    <property name="surefire.test.class.path" value="C:\Users\geans\Coding\Java\dio-java-basico\basic-java\target\test-classes;C:\Users\geans\Coding\Java\dio-java-basico\basic-java\target\classes;C:\Users\geans\.m2\repository\org\junit\jupiter\junit-jupiter-api\5.10.0\junit-jupiter-api-5.10.0.jar;C:\Users\geans\.m2\repository\org\opentest4j\opentest4j\1.3.0\opentest4j-1.3.0.jar;C:\Users\geans\.m2\repository\org\junit\platform\junit-platform-commons\1.10.0\junit-platform-commons-1.10.0.jar;C:\Users\geans\.m2\repository\org\apiguardian\apiguardian-api\1.1.2\apiguardian-api-1.1.2.jar;C:\Users\geans\.m2\repository\org\junit\jupiter\junit-jupiter-engine\5.10.0\junit-jupiter-engine-5.10.0.jar;C:\Users\geans\.m2\repository\org\junit\platform\junit-platform-engine\1.10.0\junit-platform-engine-1.10.0.jar;"/>
    <property name="sun.cpu.endian" value="little"/>
    <property name="user.home" value="C:\Users\geans"/>
    <property name="user.language" value="pt"/>
    <property name="java.specification.vendor" value="Oracle Corporation"/>
    <property name="java.version.date" value="2025-01-21"/>
    <property name="java.home" value="C:\Program Files\Java\jdk-21"/>
    <property name="file.separator" value="\"/>
    <property name="basedir" value="C:\Users\geans\Coding\Java\dio-java-basico\basic-java"/>
    <property name="java.vm.compressedOopsMode" value="Zero based"/>
    <property name="line.separator" value="&#10;"/>
    <property name="java.vm.specification.vendor" value="Oracle Corporation"/>
    <property name="java.specification.name" value="Java Platform API Specification"/>
    <property name="surefire.real.class.path" value="C:\Users\geans\AppData\Local\Temp\surefire5475833339662518284\surefirebooter-20250401113525247_3.jar"/>
    <property name="user.script" value=""/>
    <property name="sun.management.compiler" value="HotSpot 64-Bit Tiered Compilers"/>
    <property name="java.runtime.version" value="21.0.6+8-LTS-188"/>
    <property name="user.name" value="geans"/>
    <property name="stdout.encoding" value="Cp1252"/>
    <property name="path.separator" value=";"/>
    <property name="os.version" value="10.0"/>
    <property name="java.runtime.name" value="Java(TM) SE Runtime Environment"/>
    <property name="file.encoding" value="UTF-8"/>
    <property name="java.vm.name" value="Java HotSpot(TM) 64-Bit Server VM"/>
    <property name="localRepository" value="C:\Users\geans\.m2\repository"/>
    <property name="java.vendor.url.bug" value="https://bugreport.java.com/bugreport/"/>
    <property name="java.io.tmpdir" value="C:\Users\geans\AppData\Local\Temp\"/>
    <property name="java.version" value="21.0.6"/>
    <property name="user.dir" value="C:\Users\geans\Coding\Java\dio-java-basico\basic-java"/>
    <property name="os.arch" value="amd64"/>
    <property name="java.vm.specification.name" value="Java Virtual Machine Specification"/>
    <property name="sun.os.patch.level" value=""/>
    <property name="native.encoding" value="Cp1252"/>
    <property name="java.library.path" value="C:\Program Files\Java\jdk-21\bin;C:\WINDOWS\Sun\Java\bin;C:\WINDOWS\system32;C:\WINDOWS;C:\Program Files\Common Files\Oracle\Java\javapath;C:\Program Files (x86)\Common Files\Oracle\Java\java8path;C:\Program Files (x86)\Common Files\Oracle\Java\javapath;C:\WINDOWS\system32;C:\WINDOWS;C:\WINDOWS\System32\Wbem;C:\WINDOWS\System32\WindowsPowerShell\v1.0\;C:\WINDOWS\System32\OpenSSH\;C:\Program Files (x86)\NVIDIA Corporation\PhysX\Common;C:\Program Files\Go\bin;C:\Program Files\Git\cmd;C:\Program Files\Apache\apache-maven-3.9.9\bin;C:\Users\geans\AppData\Local\Microsoft\WindowsApps;C:\Users\geans\go\bin;C:\Users\geans\AppData\Local\Programs\Microsoft VS Code\bin;;."/>
    <property name="java.vm.info" value="mixed mode, sharing"/>
    <property name="stderr.encoding" value="Cp1252"/>
    <property name="java.vendor" value="Oracle Corporation"/>
    <property name="java.vm.version" value="21.0.6+8-LTS-188"/>
    <property name="sun.io.unicode.encoding" value="UnicodeLittle"/>
    <property name="java.class.version" value="65.0"/>
  </properties>
  <testcase name="refillWaterAndShampooTest" classname="exercicioPetStore.PetMachineTest" time="0.015">
    <system-out><![CDATA[Shampoo e água foram repostos!
]]></system-out>
  </testcase>
  <testcase name="putPetInsideMachineTest" classname="exercicioPetStore.PetMachineTest" time="0.003">
    <system-out><![CDATA[Cão está dentro da máquina!
]]></system-out>
  </testcase>
  <testcase name="checkWaterAndShampooLevels" classname="exercicioPetStore.PetMachineTest" time="0.002">
    <system-out><![CDATA[Shampoo e água foram repostos!
A máquina foi limpa!
Nível da água: 28 nível do shampoo: 9
A máquina foi limpa!
Nível da água: 26 nível do shampoo: 8
A máquina foi limpa!
Nível da água: 24 nível do shampoo: 7
A máquina foi limpa!
Nível da água: 22 nível do shampoo: 6
A máquina foi limpa!
Nível da água: 20 nível do shampoo: 5
A máquina foi limpa!
Nível da água: 18 nível do shampoo: 4
A máquina foi limpa!
Nível da água: 16 nível do shampoo: 3
A máquina foi limpa!
Nível da água: 14 nível do shampoo: 2
A máquina foi limpa!
Nível da água: 12 nível do shampoo: 1
A máquina foi limpa!
Nível da água: 10 nível do shampoo: 0
Não há água ou shampoo suficientes.
Não há água ou shampoo suficientes.
]]></system-out>
  </testcase>
  <testcase name="initialState" classname="exercicioPetStore.PetMachineTest" time="0.007"/>
  <testcase name="takePetFromMachine" classname="exercicioPetStore.PetMachineTest" time="0.002">
    <system-out><![CDATA[Cão está dentro da máquina!
Cão foi retirado da máquina!
]]></system-out>
  </testcase>
  <testcase name="cleanPet" classname="exercicioPetStore.PetMachineTest" time="0.002">
    <system-out><![CDATA[Não há pet dentro da máquina.
Shampoo e água foram repostos!
A máquina foi limpa!
Nível da água: 28 nível do shampoo: 9
Cão está dentro da máquina!
Cão foi limpo!
Nível da água: 18 nível do shampoo: 7
]]></system-out>
  </testcase>
  <testcase name="cleanMachineTest" classname="exercicioPetStore.PetMachineTest" time="0.002">
    <system-out><![CDATA[Não há água ou shampoo suficientes.
Cão está dentro da máquina!
Há um pet dentro da máquina.
Cão foi retirado da máquina!
Shampoo e água foram repostos!
A máquina foi limpa!
Nível da água: 28 nível do shampoo: 9
]]></system-out>
  </testcase>
</testsuite>